<?xml version="1.0" encoding="UTF-8"?>
<!-- Generated by org.testng.reporters.JUnitReportReporter -->
<testsuite hostname="ATMECSINLT-1216" failures="0" tests="1" name="TestNG.Checkbox" time="25.810" errors="0" timestamp="2022-06-13T12:46:41 IST" skipped="0">
  <testcase classname="TestNG.Checkbox" name="checking" time="25.810"/>
  <system-out/>
</testsuite> <!-- TestNG.Checkbox -->
