<?xml version="1.0" encoding="UTF-8"?>
<!-- Generated by org.testng.reporters.JUnitReportReporter -->
<testsuite hostname="ATMECSINLT-1216" failures="0" tests="1" name="TestNG.RatingOfProduct" time="23.455" errors="0" timestamp="2022-06-10T18:10:42 IST" skipped="0">
  <testcase classname="TestNG.RatingOfProduct" name="rating" time="23.455"/>
  <system-out/>
</testsuite> <!-- TestNG.RatingOfProduct -->
