<?xml version="1.0" encoding="UTF-8"?>
<!-- Generated by org.testng.reporters.JUnitReportReporter -->
<testsuite hostname="ATMECSINLT-1216" failures="0" tests="1" name="TestNG.StructureTable" time="17.265" errors="0" timestamp="2022-06-13T11:31:17 IST" skipped="0">
  <testcase classname="TestNG.StructureTable" name="testName" time="17.265"/>
  <system-out/>
</testsuite> <!-- TestNG.StructureTable -->
