<?xml version="1.0" encoding="UTF-8"?>
<!-- Generated by org.testng.reporters.JUnitReportReporter -->
<testsuite hostname="ATMECSINLT-1216" failures="0" tests="1" name="config.ProductRating" time="29.882" errors="0" timestamp="2022-06-14T09:20:53 IST" skipped="0">
  <testcase classname="config.ProductRating" name="rating" time="29.882"/>
  <system-out/>
</testsuite> <!-- config.ProductRating -->
